Using pre-set license
Built from '2020.3/staging' branch; Version is '2020.3.5f1 (8095aa901b9b) revision 8426922'; Using compiler version '192528614'; Build Type 'Release'
OS: 'Windows 10 Home; OS build 19042.928; Version 2009; 64bit' Language: 'fr' Physical Memory: 8081 MB
BatchMode: 1, IsHumanControllingUs: 0, StartBugReporterOnCrash: 0, Is64bit: 1, IsPro: 0

 COMMAND LINE ARGUMENTS:
C:\Program Files\Unity\Hub\Editor\2020.3.5f1\Editor\Unity.exe
-adb2
-batchMode
-noUpm
-name
AssetImportWorker0
-projectPath
C:/Users/shaya/Desktop/C#/Projet.net
-logFile
Logs/AssetImportWorker0.log
-srvPort
59703
Successfully changed project path to: C:/Users/shaya/Desktop/C#/Projet.net
C:/Users/shaya/Desktop/C#/Projet.net
Using Asset Import Pipeline V2.
Refreshing native plugins compatible for Editor in 104.85 ms, found 1 plugins.
Preloading 0 native plugins for Editor in 0.00 ms.
Initialize engine version: 2020.3.5f1 (8095aa901b9b)
[Subsystems] Discovering subsystems at path C:/Program Files/Unity/Hub/Editor/2020.3.5f1/Editor/Data/Resources/UnitySubsystems
[Subsystems] Discovering subsystems at path C:/Users/shaya/Desktop/C#/Projet.net/Assets
GfxDevice: creating device client; threaded=0
Direct3D:
    Version:  Direct3D 11.0 [level 11.1]
    Renderer: Intel(R) HD Graphics 620 (ID=0x5916)
    Vendor:   
    VRAM:     4040 MB
    Driver:   27.20.100.8681
Initialize mono
Mono path[0] = 'C:/Program Files/Unity/Hub/Editor/2020.3.5f1/Editor/Data/Managed'
Mono path[1] = 'C:/Program Files/Unity/Hub/Editor/2020.3.5f1/Editor/Data/MonoBleedingEdge/lib/mono/unityjit'
Mono config path = 'C:/Program Files/Unity/Hub/Editor/2020.3.5f1/Editor/Data/MonoBleedingEdge/etc'
Using monoOptions --debugger-agent=transport=dt_socket,embedding=1,server=y,suspend=n,address=127.0.0.1:56008
Begin MonoManager ReloadAssembly
Registering precompiled unity dll's ...
Register platform support module: C:/Program Files/Unity/Hub/Editor/2020.3.5f1/Editor/Data/PlaybackEngines/WindowsStandaloneSupport/UnityEditor.WindowsStandalone.Extensions.dll
Registered in 0.008462 seconds.
Native extension for WindowsStandalone target not found
Refreshing native plugins compatible for Editor in 77.55 ms, found 1 plugins.
Preloading 0 native plugins for Editor in 0.00 ms.
Mono: successfully reloaded assembly
- Completed reload, in 10.040 seconds
Platform modules already initialized, skipping
Registering precompiled user dll's ...
Registered in 0.004743 seconds.
Begin MonoManager ReloadAssembly
Native extension for WindowsStandalone target not found
Refreshing native plugins compatible for Editor in 76.64 ms, found 1 plugins.
Preloading 0 native plugins for Editor in 0.00 ms.
Mono: successfully reloaded assembly
- Completed reload, in  2.034 seconds
Platform modules already initialized, skipping
========================================================================
Worker process is ready to serve import requests
Launched and connected shader compiler UnityShaderCompiler.exe after 0.12 seconds
Refreshing native plugins compatible for Editor in 0.54 ms, found 1 plugins.
Preloading 0 native plugins for Editor in 0.00 ms.
Unloading 1823 Unused Serialized files (Serialized files now loaded: 0)
System memory in use before: 85.0 MB.
System memory in use after: 85.1 MB.

Unloading 19 unused Assets to reduce memory usage. Loaded Objects now: 2272.
Total: 8.410100 ms (FindLiveObjects: 0.673900 ms CreateObjectMapping: 0.283100 ms MarkObjects: 7.280500 ms  DeleteObjects: 0.169800 ms)

========================================================================
Received Import Request.
  path: Assets/heart-spritesheet.png
  artifactKey: Guid(6388731a85582834fb51480aafa0c17b) Importer(815301076,1909f56bfc062723c751e8b465ee728b)
Start importing Assets/heart-spritesheet.png using Guid(6388731a85582834fb51480aafa0c17b) Importer(815301076,1909f56bfc062723c751e8b465ee728b)  -> (artifact id: '7dcd835879ea75e5db12217adc6ecdc7') in 0.245861 seconds
  Import took 0.251509 seconds .

========================================================================
Received Import Request.
  Time since last request: 30.667878 seconds.
  path: Assets/heart-spritesheet.png
  artifactKey: Guid(6388731a85582834fb51480aafa0c17b) Importer(815301076,1909f56bfc062723c751e8b465ee728b)
Start importing Assets/heart-spritesheet.png using Guid(6388731a85582834fb51480aafa0c17b) Importer(815301076,1909f56bfc062723c751e8b465ee728b)  -> (artifact id: '182e8d454dd7dad76061c71d624ee999') in 0.037959 seconds
  Import took 0.045941 seconds .

========================================================================
Received Import Request.
  Time since last request: 94.781749 seconds.
  path: Assets/heart-spritesheet.png
  artifactKey: Guid(6388731a85582834fb51480aafa0c17b) Importer(815301076,1909f56bfc062723c751e8b465ee728b)
Start importing Assets/heart-spritesheet.png using Guid(6388731a85582834fb51480aafa0c17b) Importer(815301076,1909f56bfc062723c751e8b465ee728b)  -> (artifact id: '6084f9d4fc10da23324d94009f734701') in 0.102533 seconds
  Import took 0.117597 seconds .

========================================================================
Received Import Request.
  Time since last request: 12.264704 seconds.
  path: Assets/movingPlatform.cs
  artifactKey: Guid(6160fee7e8875b44da84635d693613b1) Importer(815301076,1909f56bfc062723c751e8b465ee728b)
Start importing Assets/movingPlatform.cs using Guid(6160fee7e8875b44da84635d693613b1) Importer(815301076,1909f56bfc062723c751e8b465ee728b)  -> (artifact id: '7e7e78e49d677dc33cf9b99f799bdaaa') in 0.083735 seconds
  Import took 0.090317 seconds .

========================================================================
Received Import Request.
  Time since last request: 121.099644 seconds.
  path: Assets/heart-spritesheet.png
  artifactKey: Guid(6388731a85582834fb51480aafa0c17b) Importer(815301076,1909f56bfc062723c751e8b465ee728b)
Start importing Assets/heart-spritesheet.png using Guid(6388731a85582834fb51480aafa0c17b) Importer(815301076,1909f56bfc062723c751e8b465ee728b)  -> (artifact id: '9cded86822e23f169e03f82fb62e8b5d') in 0.218899 seconds
  Import took 0.248520 seconds .

========================================================================
Received Import Request.
  Time since last request: 465.458778 seconds.
  path: Assets/heart-spritesheet.png
  artifactKey: Guid(6388731a85582834fb51480aafa0c17b) Importer(815301076,1909f56bfc062723c751e8b465ee728b)
Start importing Assets/heart-spritesheet.png using Guid(6388731a85582834fb51480aafa0c17b) Importer(815301076,1909f56bfc062723c751e8b465ee728b)  -> (artifact id: 'da50537f7c9694b80f8fb3b5642a3553') in 0.064507 seconds
  Import took 0.076339 seconds .

========================================================================
Received Import Request.
  Time since last request: 11.459427 seconds.
  path: Assets/heart-spritesheet.png
  artifactKey: Guid(6388731a85582834fb51480aafa0c17b) Importer(815301076,1909f56bfc062723c751e8b465ee728b)
Start importing Assets/heart-spritesheet.png using Guid(6388731a85582834fb51480aafa0c17b) Importer(815301076,1909f56bfc062723c751e8b465ee728b)  -> (artifact id: 'e208d8667cc0d4ac43fb4621d34d5634') in 0.112391 seconds
  Import took 0.163824 seconds .

========================================================================
Received Import Request.
  Time since last request: 14.719050 seconds.
  path: Assets/heart-spritesheet.png
  artifactKey: Guid(6388731a85582834fb51480aafa0c17b) Importer(815301076,1909f56bfc062723c751e8b465ee728b)
Start importing Assets/heart-spritesheet.png using Guid(6388731a85582834fb51480aafa0c17b) Importer(815301076,1909f56bfc062723c751e8b465ee728b)  -> (artifact id: 'b2d47dabd386027e8f72854a8bcf2976') in 0.121819 seconds
  Import took 0.127245 seconds .

AssetImportWorkerClient::OnTransportError - code=2 error=End of file
