Using pre-set license
Built from '2020.2/staging' branch; Version is '2020.2.7f1 (c53830e277f1) revision 12924976'; Using compiler version '192528614'; Build Type 'Release'
OS: 'Windows 10 Home; OS build 19042.928; Version 2009; 64bit' Language: 'fr' Physical Memory: 8081 MB
BatchMode: 1, IsHumanControllingUs: 0, StartBugReporterOnCrash: 0, Is64bit: 1, IsPro: 0

 COMMAND LINE ARGUMENTS:
C:\Program Files\Unity\Hub\Editor\2020.2.7f1\Editor\Unity.exe
-adb2
-batchMode
-noUpm
-name
AssetImportWorker0
-projectPath
C:/Users/shaya/Desktop/ProjetC-2021
-logFile
Logs/AssetImportWorker0.log
-srvPort
52469
Successfully changed project path to: C:/Users/shaya/Desktop/ProjetC-2021
C:/Users/shaya/Desktop/ProjetC-2021
Using Asset Import Pipeline V2.
Refreshing native plugins compatible for Editor in 143.54 ms, found 1 plugins.
Preloading 0 native plugins for Editor in 0.00 ms.
Initialize engine version: 2020.2.7f1 (c53830e277f1)
[Subsystems] Discovering subsystems at path C:/Program Files/Unity/Hub/Editor/2020.2.7f1/Editor/Data/Resources/UnitySubsystems
[Subsystems] Discovering subsystems at path C:/Users/shaya/Desktop/ProjetC-2021/Assets
GfxDevice: creating device client; threaded=0
Direct3D:
    Version:  Direct3D 11.0 [level 11.1]
    Renderer: Intel(R) HD Graphics 620 (ID=0x5916)
    Vendor:   
    VRAM:     4040 MB
    Driver:   27.20.100.8681
Initialize mono
Mono path[0] = 'C:/Program Files/Unity/Hub/Editor/2020.2.7f1/Editor/Data/Managed'
Mono path[1] = 'C:/Program Files/Unity/Hub/Editor/2020.2.7f1/Editor/Data/MonoBleedingEdge/lib/mono/unityjit'
Mono config path = 'C:/Program Files/Unity/Hub/Editor/2020.2.7f1/Editor/Data/MonoBleedingEdge/etc'
Using monoOptions --debugger-agent=transport=dt_socket,embedding=1,server=y,suspend=n,address=127.0.0.1:56848
Begin MonoManager ReloadAssembly
Registering precompiled unity dll's ...
Register platform support module: C:/Program Files/Unity/Hub/Editor/2020.2.7f1/Editor/Data/PlaybackEngines/WindowsStandaloneSupport/UnityEditor.WindowsStandalone.Extensions.dll
Registered in 0.012215 seconds.
Native extension for WindowsStandalone target not found
Refreshing native plugins compatible for Editor in 182.25 ms, found 1 plugins.
Preloading 0 native plugins for Editor in 0.00 ms.
Invoked RoslynAnalysisRunner static constructor.
RoslynAnalysisRunner will not be running.
RoslynAnalysisRunner has terminated.
Mono: successfully reloaded assembly
- Completed reload, in  8.221 seconds
Platform modules already initialized, skipping
Registering precompiled user dll's ...
Registered in 0.004658 seconds.
Begin MonoManager ReloadAssembly
Native extension for WindowsStandalone target not found
Refreshing native plugins compatible for Editor in 119.34 ms, found 1 plugins.
Preloading 0 native plugins for Editor in 0.00 ms.
Invoked RoslynAnalysisRunner static constructor.
RoslynAnalysisRunner will not be running.
RoslynAnalysisRunner has terminated.
Mono: successfully reloaded assembly
- Completed reload, in  3.548 seconds
Platform modules already initialized, skipping
========================================================================
Worker process is ready to serve import requests
Launched and connected shader compiler UnityShaderCompiler.exe after 0.21 seconds
Refreshing native plugins compatible for Editor in 0.90 ms, found 1 plugins.
Preloading 0 native plugins for Editor in 0.00 ms.
Unloading 1819 Unused Serialized files (Serialized files now loaded: 0)
System memory in use before: 85.0 MB.
System memory in use after: 85.1 MB.

Unloading 19 unused Assets to reduce memory usage. Loaded Objects now: 2268.
Total: 8.477400 ms (FindLiveObjects: 0.535800 ms CreateObjectMapping: 0.302000 ms MarkObjects: 7.470300 ms  DeleteObjects: 0.163500 ms)

========================================================================
Received Prepare
Refreshing native plugins compatible for Editor in 10.39 ms, found 1 plugins.
Preloading 0 native plugins for Editor in 0.00 ms.
Unloading 6 Unused Serialized files (Serialized files now loaded: 0)
System memory in use before: 48.8 MB.
System memory in use after: 48.9 MB.

Unloading 5 unused Assets to reduce memory usage. Loaded Objects now: 2268.
Total: 12.907700 ms (FindLiveObjects: 2.567000 ms CreateObjectMapping: 1.202000 ms MarkObjects: 9.053300 ms  DeleteObjects: 0.080500 ms)

========================================================================
Received Import Request.
  path: Assets/Scenes/Level02.unity
  artifactKey: Guid(5f031cdf132749e4b907da05627de71c) Importer(815301076,1909f56bfc062723c751e8b465ee728b)
Start importing Assets/Scenes/Level02.unity using Guid(5f031cdf132749e4b907da05627de71c) Importer(815301076,1909f56bfc062723c751e8b465ee728b)  -> (artifact id: '63f32b4401287cb14e3485125e1b8ca6') in 5.238464 seconds
  Import took 5.258225 seconds .

========================================================================
Received Prepare
Registering precompiled user dll's ...
Registered in 0.024615 seconds.
Begin MonoManager ReloadAssembly
Native extension for WindowsStandalone target not found
Refreshing native plugins compatible for Editor in 1.20 ms, found 1 plugins.
Preloading 0 native plugins for Editor in 0.00 ms.
Invoked RoslynAnalysisRunner static constructor.
RoslynAnalysisRunner will not be running.
RoslynAnalysisRunner has terminated.
Mono: successfully reloaded assembly
- Completed reload, in  9.792 seconds
Platform modules already initialized, skipping
Refreshing native plugins compatible for Editor in 4.07 ms, found 1 plugins.
Preloading 0 native plugins for Editor in 0.00 ms.
Unloading 1811 Unused Serialized files (Serialized files now loaded: 0)
System memory in use before: 84.7 MB.
System memory in use after: 84.8 MB.

Unloading 8 unused Assets to reduce memory usage. Loaded Objects now: 2272.
Total: 5.500200 ms (FindLiveObjects: 0.541100 ms CreateObjectMapping: 0.200000 ms MarkObjects: 4.713700 ms  DeleteObjects: 0.042600 ms)

========================================================================
Received Import Request.
  Time since last request: 695.625655 seconds.
  path: Assets/Scenes/Level01.unity
  artifactKey: Guid(c602955e87686274ba15d60a3b66aff3) Importer(815301076,1909f56bfc062723c751e8b465ee728b)
Start importing Assets/Scenes/Level01.unity using Guid(c602955e87686274ba15d60a3b66aff3) Importer(815301076,1909f56bfc062723c751e8b465ee728b)  -> (artifact id: '6d6bbef951dd97013eb862bc37bef997') in 0.092159 seconds
  Import took 0.123542 seconds .

========================================================================
Received Prepare
Registering precompiled user dll's ...
Registered in 0.018860 seconds.
Begin MonoManager ReloadAssembly
Native extension for WindowsStandalone target not found
Refreshing native plugins compatible for Editor in 0.99 ms, found 1 plugins.
Preloading 0 native plugins for Editor in 0.00 ms.
Invoked RoslynAnalysisRunner static constructor.
RoslynAnalysisRunner will not be running.
RoslynAnalysisRunner has terminated.
Mono: successfully reloaded assembly
- Completed reload, in 21.856 seconds
Platform modules already initialized, skipping
Refreshing native plugins compatible for Editor in 7.12 ms, found 1 plugins.
Preloading 0 native plugins for Editor in 0.00 ms.
Unloading 1811 Unused Serialized files (Serialized files now loaded: 0)
System memory in use before: 84.7 MB.
System memory in use after: 84.8 MB.

Unloading 8 unused Assets to reduce memory usage. Loaded Objects now: 2275.
Total: 54.315100 ms (FindLiveObjects: 4.249800 ms CreateObjectMapping: 0.774300 ms MarkObjects: 49.246600 ms  DeleteObjects: 0.041500 ms)

========================================================================
Received Prepare
Registering precompiled user dll's ...
Registered in 0.009649 seconds.
Begin MonoManager ReloadAssembly
Native extension for WindowsStandalone target not found
Refreshing native plugins compatible for Editor in 3.02 ms, found 1 plugins.
Preloading 0 native plugins for Editor in 0.00 ms.
Invoked RoslynAnalysisRunner static constructor.
RoslynAnalysisRunner will not be running.
RoslynAnalysisRunner has terminated.
Mono: successfully reloaded assembly
- Completed reload, in  8.678 seconds
Platform modules already initialized, skipping
Refreshing native plugins compatible for Editor in 1.68 ms, found 1 plugins.
Preloading 0 native plugins for Editor in 0.00 ms.
Unloading 1811 Unused Serialized files (Serialized files now loaded: 0)
System memory in use before: 84.8 MB.
System memory in use after: 84.9 MB.

Unloading 8 unused Assets to reduce memory usage. Loaded Objects now: 2278.
Total: 8.285900 ms (FindLiveObjects: 0.839200 ms CreateObjectMapping: 0.339100 ms MarkObjects: 7.051700 ms  DeleteObjects: 0.051900 ms)

========================================================================
Received Import Request.
  Time since last request: 154.186997 seconds.
  path: Assets/Checkpoint.cs
  artifactKey: Guid(a95c2013493fa384ab2107e35f04bca0) Importer(815301076,1909f56bfc062723c751e8b465ee728b)
Start importing Assets/Checkpoint.cs using Guid(a95c2013493fa384ab2107e35f04bca0) Importer(815301076,1909f56bfc062723c751e8b465ee728b)  -> (artifact id: 'af0a399de16e77f311739901790c112f') in 0.341342 seconds
  Import took 0.408651 seconds .

========================================================================
Received Prepare
Registering precompiled user dll's ...
Registered in 0.004097 seconds.
Begin MonoManager ReloadAssembly
Native extension for WindowsStandalone target not found
Refreshing native plugins compatible for Editor in 1.67 ms, found 1 plugins.
Preloading 0 native plugins for Editor in 0.00 ms.
Invoked RoslynAnalysisRunner static constructor.
RoslynAnalysisRunner will not be running.
RoslynAnalysisRunner has terminated.
Mono: successfully reloaded assembly
- Completed reload, in 10.915 seconds
Platform modules already initialized, skipping
Refreshing native plugins compatible for Editor in 5.10 ms, found 1 plugins.
Preloading 0 native plugins for Editor in 0.00 ms.
Unloading 1811 Unused Serialized files (Serialized files now loaded: 0)
System memory in use before: 84.8 MB.
System memory in use after: 84.9 MB.

Unloading 8 unused Assets to reduce memory usage. Loaded Objects now: 2281.
Total: 5.409000 ms (FindLiveObjects: 0.429300 ms CreateObjectMapping: 0.244200 ms MarkObjects: 4.661300 ms  DeleteObjects: 0.069100 ms)

========================================================================
Received Prepare
Registering precompiled user dll's ...
Registered in 0.005457 seconds.
Begin MonoManager ReloadAssembly
Native extension for WindowsStandalone target not found
Refreshing native plugins compatible for Editor in 1.31 ms, found 1 plugins.
Preloading 0 native plugins for Editor in 0.00 ms.
Invoked RoslynAnalysisRunner static constructor.
RoslynAnalysisRunner will not be running.
RoslynAnalysisRunner has terminated.
Mono: successfully reloaded assembly
- Completed reload, in  4.672 seconds
Platform modules already initialized, skipping
Refreshing native plugins compatible for Editor in 1.42 ms, found 1 plugins.
Preloading 0 native plugins for Editor in 0.00 ms.
Unloading 1811 Unused Serialized files (Serialized files now loaded: 0)
System memory in use before: 84.8 MB.
System memory in use after: 84.9 MB.

Unloading 8 unused Assets to reduce memory usage. Loaded Objects now: 2284.
Total: 6.588100 ms (FindLiveObjects: 0.655200 ms CreateObjectMapping: 0.356100 ms MarkObjects: 5.529000 ms  DeleteObjects: 0.042800 ms)

========================================================================
Received Prepare
Registering precompiled user dll's ...
Registered in 0.131472 seconds.
Begin MonoManager ReloadAssembly
Native extension for WindowsStandalone target not found
Refreshing native plugins compatible for Editor in 1.30 ms, found 1 plugins.
Preloading 0 native plugins for Editor in 0.00 ms.
Invoked RoslynAnalysisRunner static constructor.
RoslynAnalysisRunner will not be running.
RoslynAnalysisRunner has terminated.
Mono: successfully reloaded assembly
- Completed reload, in  5.827 seconds
Platform modules already initialized, skipping
Refreshing native plugins compatible for Editor in 1.16 ms, found 1 plugins.
Preloading 0 native plugins for Editor in 0.00 ms.
Unloading 1811 Unused Serialized files (Serialized files now loaded: 0)
System memory in use before: 84.8 MB.
System memory in use after: 84.9 MB.

Unloading 8 unused Assets to reduce memory usage. Loaded Objects now: 2287.
Total: 7.550300 ms (FindLiveObjects: 0.697900 ms CreateObjectMapping: 0.261600 ms MarkObjects: 6.449500 ms  DeleteObjects: 0.137600 ms)

========================================================================
Received Prepare
Registering precompiled user dll's ...
Registered in 0.004892 seconds.
Begin MonoManager ReloadAssembly
Native extension for WindowsStandalone target not found
Refreshing native plugins compatible for Editor in 3.91 ms, found 1 plugins.
Preloading 0 native plugins for Editor in 0.00 ms.
Invoked RoslynAnalysisRunner static constructor.
RoslynAnalysisRunner will not be running.
RoslynAnalysisRunner has terminated.
Mono: successfully reloaded assembly
- Completed reload, in  5.554 seconds
Platform modules already initialized, skipping
Refreshing native plugins compatible for Editor in 2.39 ms, found 1 plugins.
Preloading 0 native plugins for Editor in 0.00 ms.
Unloading 1811 Unused Serialized files (Serialized files now loaded: 0)
System memory in use before: 84.8 MB.
System memory in use after: 84.9 MB.

Unloading 8 unused Assets to reduce memory usage. Loaded Objects now: 2290.
Total: 7.135600 ms (FindLiveObjects: 0.474500 ms CreateObjectMapping: 0.248200 ms MarkObjects: 6.361700 ms  DeleteObjects: 0.047600 ms)

========================================================================
Received Prepare
Registering precompiled user dll's ...
Registered in 0.012823 seconds.
Begin MonoManager ReloadAssembly
Native extension for WindowsStandalone target not found
Refreshing native plugins compatible for Editor in 2.08 ms, found 1 plugins.
Preloading 0 native plugins for Editor in 0.00 ms.
Invoked RoslynAnalysisRunner static constructor.
RoslynAnalysisRunner will not be running.
RoslynAnalysisRunner has terminated.
Mono: successfully reloaded assembly
- Completed reload, in  4.776 seconds
Platform modules already initialized, skipping
Refreshing native plugins compatible for Editor in 1.70 ms, found 1 plugins.
Preloading 0 native plugins for Editor in 0.00 ms.
Unloading 1811 Unused Serialized files (Serialized files now loaded: 0)
System memory in use before: 84.8 MB.
System memory in use after: 84.9 MB.

Unloading 8 unused Assets to reduce memory usage. Loaded Objects now: 2293.
Total: 7.585600 ms (FindLiveObjects: 0.797200 ms CreateObjectMapping: 0.494700 ms MarkObjects: 6.250300 ms  DeleteObjects: 0.040500 ms)

========================================================================
Received Prepare
Registering precompiled user dll's ...
Registered in 0.010692 seconds.
Begin MonoManager ReloadAssembly
Native extension for WindowsStandalone target not found
Refreshing native plugins compatible for Editor in 1.53 ms, found 1 plugins.
Preloading 0 native plugins for Editor in 0.00 ms.
Invoked RoslynAnalysisRunner static constructor.
RoslynAnalysisRunner will not be running.
RoslynAnalysisRunner has terminated.
Mono: successfully reloaded assembly
- Completed reload, in  7.329 seconds
Platform modules already initialized, skipping
Refreshing native plugins compatible for Editor in 1.43 ms, found 1 plugins.
Preloading 0 native plugins for Editor in 0.00 ms.
Unloading 1811 Unused Serialized files (Serialized files now loaded: 0)
System memory in use before: 84.8 MB.
System memory in use after: 84.9 MB.

Unloading 8 unused Assets to reduce memory usage. Loaded Objects now: 2296.
Total: 15.523300 ms (FindLiveObjects: 2.822100 ms CreateObjectMapping: 1.074000 ms MarkObjects: 11.586400 ms  DeleteObjects: 0.037700 ms)

========================================================================
Received Prepare
Registering precompiled user dll's ...
Registered in 0.006798 seconds.
Begin MonoManager ReloadAssembly
Native extension for WindowsStandalone target not found
Refreshing native plugins compatible for Editor in 1.75 ms, found 1 plugins.
Preloading 0 native plugins for Editor in 0.00 ms.
Invoked RoslynAnalysisRunner static constructor.
RoslynAnalysisRunner will not be running.
RoslynAnalysisRunner has terminated.
Mono: successfully reloaded assembly
- Completed reload, in  8.956 seconds
Platform modules already initialized, skipping
Refreshing native plugins compatible for Editor in 1.16 ms, found 1 plugins.
Preloading 0 native plugins for Editor in 0.00 ms.
Unloading 1811 Unused Serialized files (Serialized files now loaded: 0)
System memory in use before: 84.8 MB.
System memory in use after: 84.9 MB.

Unloading 8 unused Assets to reduce memory usage. Loaded Objects now: 2299.
Total: 11.986800 ms (FindLiveObjects: 0.607200 ms CreateObjectMapping: 0.162100 ms MarkObjects: 11.158100 ms  DeleteObjects: 0.057000 ms)

========================================================================
Received Prepare
Registering precompiled user dll's ...
Registered in 0.017849 seconds.
Begin MonoManager ReloadAssembly
Native extension for WindowsStandalone target not found
Refreshing native plugins compatible for Editor in 1.12 ms, found 1 plugins.
Preloading 0 native plugins for Editor in 0.00 ms.
Invoked RoslynAnalysisRunner static constructor.
RoslynAnalysisRunner will not be running.
RoslynAnalysisRunner has terminated.
Mono: successfully reloaded assembly
- Completed reload, in  5.528 seconds
Platform modules already initialized, skipping
Refreshing native plugins compatible for Editor in 1.20 ms, found 1 plugins.
Preloading 0 native plugins for Editor in 0.00 ms.
Unloading 1811 Unused Serialized files (Serialized files now loaded: 0)
System memory in use before: 84.8 MB.
System memory in use after: 85.0 MB.

Unloading 8 unused Assets to reduce memory usage. Loaded Objects now: 2302.
Total: 6.066800 ms (FindLiveObjects: 0.469700 ms CreateObjectMapping: 0.260100 ms MarkObjects: 5.289800 ms  DeleteObjects: 0.044400 ms)

========================================================================
Received Prepare
Registering precompiled user dll's ...
Registered in 0.009285 seconds.
Begin MonoManager ReloadAssembly
Native extension for WindowsStandalone target not found
Refreshing native plugins compatible for Editor in 1.30 ms, found 1 plugins.
Preloading 0 native plugins for Editor in 0.00 ms.
Invoked RoslynAnalysisRunner static constructor.
RoslynAnalysisRunner will not be running.
RoslynAnalysisRunner has terminated.
Mono: successfully reloaded assembly
- Completed reload, in  6.887 seconds
Platform modules already initialized, skipping
Refreshing native plugins compatible for Editor in 1.92 ms, found 1 plugins.
Preloading 0 native plugins for Editor in 0.00 ms.
Unloading 1811 Unused Serialized files (Serialized files now loaded: 0)
System memory in use before: 84.9 MB.
System memory in use after: 85.0 MB.

Unloading 8 unused Assets to reduce memory usage. Loaded Objects now: 2305.
Total: 8.382700 ms (FindLiveObjects: 0.430100 ms CreateObjectMapping: 0.683900 ms MarkObjects: 7.184800 ms  DeleteObjects: 0.080700 ms)

========================================================================
Received Import Request.
  Time since last request: 4884.536437 seconds.
  path: Assets/Scenes/Level01.unity
  artifactKey: Guid(c602955e87686274ba15d60a3b66aff3) Importer(815301076,1909f56bfc062723c751e8b465ee728b)
Start importing Assets/Scenes/Level01.unity using Guid(c602955e87686274ba15d60a3b66aff3) Importer(815301076,1909f56bfc062723c751e8b465ee728b)  -> (artifact id: 'f27efd61189c5ab30f2f2a71ed0cb1c3') in 0.085841 seconds
  Import took 0.103128 seconds .

========================================================================
Received Prepare
Registering precompiled user dll's ...
Registered in 0.009853 seconds.
Begin MonoManager ReloadAssembly
Native extension for WindowsStandalone target not found
Refreshing native plugins compatible for Editor in 3.12 ms, found 1 plugins.
Preloading 0 native plugins for Editor in 0.00 ms.
Invoked RoslynAnalysisRunner static constructor.
RoslynAnalysisRunner will not be running.
RoslynAnalysisRunner has terminated.
Mono: successfully reloaded assembly
- Completed reload, in  8.939 seconds
Platform modules already initialized, skipping
Refreshing native plugins compatible for Editor in 2.47 ms, found 1 plugins.
Preloading 0 native plugins for Editor in 0.00 ms.
Unloading 1811 Unused Serialized files (Serialized files now loaded: 0)
System memory in use before: 84.9 MB.
System memory in use after: 85.0 MB.

Unloading 8 unused Assets to reduce memory usage. Loaded Objects now: 2308.
Total: 7.689600 ms (FindLiveObjects: 0.762200 ms CreateObjectMapping: 0.746400 ms MarkObjects: 6.132800 ms  DeleteObjects: 0.044900 ms)

========================================================================
Received Prepare
Registering precompiled user dll's ...
Registered in 0.008557 seconds.
Begin MonoManager ReloadAssembly
Native extension for WindowsStandalone target not found
Refreshing native plugins compatible for Editor in 1.76 ms, found 1 plugins.
Preloading 0 native plugins for Editor in 0.00 ms.
Invoked RoslynAnalysisRunner static constructor.
RoslynAnalysisRunner will not be running.
RoslynAnalysisRunner has terminated.
Mono: successfully reloaded assembly
- Completed reload, in  7.427 seconds
Platform modules already initialized, skipping
Refreshing native plugins compatible for Editor in 2.62 ms, found 1 plugins.
Preloading 0 native plugins for Editor in 0.00 ms.
Unloading 1811 Unused Serialized files (Serialized files now loaded: 0)
System memory in use before: 84.9 MB.
System memory in use after: 85.0 MB.

Unloading 8 unused Assets to reduce memory usage. Loaded Objects now: 2311.
Total: 15.020300 ms (FindLiveObjects: 3.038500 ms CreateObjectMapping: 0.373700 ms MarkObjects: 11.566300 ms  DeleteObjects: 0.037100 ms)

========================================================================
Received Prepare
Registering precompiled user dll's ...
Registered in 0.005296 seconds.
Begin MonoManager ReloadAssembly
Native extension for WindowsStandalone target not found
Refreshing native plugins compatible for Editor in 1.56 ms, found 1 plugins.
Preloading 0 native plugins for Editor in 0.00 ms.
Invoked RoslynAnalysisRunner static constructor.
RoslynAnalysisRunner will not be running.
RoslynAnalysisRunner has terminated.
Mono: successfully reloaded assembly
- Completed reload, in  8.286 seconds
Platform modules already initialized, skipping
Refreshing native plugins compatible for Editor in 2.08 ms, found 1 plugins.
Preloading 0 native plugins for Editor in 0.00 ms.
Unloading 1811 Unused Serialized files (Serialized files now loaded: 0)
System memory in use before: 84.9 MB.
System memory in use after: 85.0 MB.

Unloading 8 unused Assets to reduce memory usage. Loaded Objects now: 2314.
Total: 13.946300 ms (FindLiveObjects: 0.799600 ms CreateObjectMapping: 0.427000 ms MarkObjects: 12.681500 ms  DeleteObjects: 0.036000 ms)

========================================================================
Received Import Request.
  Time since last request: 367.554193 seconds.
  path: Assets/DeathZone.cs
  artifactKey: Guid(637001648c6c8064b86030d1ea8ef661) Importer(815301076,1909f56bfc062723c751e8b465ee728b)
Start importing Assets/DeathZone.cs using Guid(637001648c6c8064b86030d1ea8ef661) Importer(815301076,1909f56bfc062723c751e8b465ee728b)  -> (artifact id: '3fa8c35dd6fdd7bd7e60d309c81b6ed4') in 0.038849 seconds
  Import took 0.051374 seconds .

========================================================================
Received Prepare
Registering precompiled user dll's ...
Registered in 0.009607 seconds.
Begin MonoManager ReloadAssembly
Native extension for WindowsStandalone target not found
Refreshing native plugins compatible for Editor in 1.63 ms, found 1 plugins.
Preloading 0 native plugins for Editor in 0.00 ms.
Invoked RoslynAnalysisRunner static constructor.
RoslynAnalysisRunner will not be running.
RoslynAnalysisRunner has terminated.
Mono: successfully reloaded assembly
- Completed reload, in 17.082 seconds
Platform modules already initialized, skipping
Refreshing native plugins compatible for Editor in 6.96 ms, found 1 plugins.
Preloading 0 native plugins for Editor in 0.00 ms.
Unloading 1811 Unused Serialized files (Serialized files now loaded: 0)
System memory in use before: 84.9 MB.
System memory in use after: 85.0 MB.

Unloading 8 unused Assets to reduce memory usage. Loaded Objects now: 2317.
Total: 92.084600 ms (FindLiveObjects: 1.768800 ms CreateObjectMapping: 0.637400 ms MarkObjects: 89.633000 ms  DeleteObjects: 0.041700 ms)

========================================================================
Received Prepare
Registering precompiled user dll's ...
Registered in 0.008835 seconds.
Begin MonoManager ReloadAssembly
Native extension for WindowsStandalone target not found
Refreshing native plugins compatible for Editor in 0.52 ms, found 1 plugins.
Preloading 0 native plugins for Editor in 0.00 ms.
Invoked RoslynAnalysisRunner static constructor.
RoslynAnalysisRunner will not be running.
RoslynAnalysisRunner has terminated.
Mono: successfully reloaded assembly
- Completed reload, in  4.762 seconds
Platform modules already initialized, skipping
Refreshing native plugins compatible for Editor in 1.59 ms, found 1 plugins.
Preloading 0 native plugins for Editor in 0.00 ms.
Unloading 1811 Unused Serialized files (Serialized files now loaded: 0)
System memory in use before: 84.9 MB.
System memory in use after: 85.0 MB.

Unloading 8 unused Assets to reduce memory usage. Loaded Objects now: 2320.
Total: 10.187800 ms (FindLiveObjects: 0.925400 ms CreateObjectMapping: 0.575100 ms MarkObjects: 8.645900 ms  DeleteObjects: 0.038300 ms)

========================================================================
Received Prepare
Registering precompiled user dll's ...
Registered in 0.011783 seconds.
Begin MonoManager ReloadAssembly
Native extension for WindowsStandalone target not found
Refreshing native plugins compatible for Editor in 1.31 ms, found 1 plugins.
Preloading 0 native plugins for Editor in 0.00 ms.
Invoked RoslynAnalysisRunner static constructor.
RoslynAnalysisRunner will not be running.
RoslynAnalysisRunner has terminated.
Mono: successfully reloaded assembly
- Completed reload, in  6.159 seconds
Platform modules already initialized, skipping
Refreshing native plugins compatible for Editor in 2.79 ms, found 1 plugins.
Preloading 0 native plugins for Editor in 0.00 ms.
Unloading 1811 Unused Serialized files (Serialized files now loaded: 0)
System memory in use before: 84.9 MB.
System memory in use after: 85.0 MB.

Unloading 8 unused Assets to reduce memory usage. Loaded Objects now: 2323.
Total: 11.359100 ms (FindLiveObjects: 1.906100 ms CreateObjectMapping: 0.768200 ms MarkObjects: 8.637700 ms  DeleteObjects: 0.040500 ms)

========================================================================
Received Prepare
Registering precompiled user dll's ...
Registered in 0.004872 seconds.
Begin MonoManager ReloadAssembly
Native extension for WindowsStandalone target not found
Refreshing native plugins compatible for Editor in 0.86 ms, found 1 plugins.
Preloading 0 native plugins for Editor in 0.00 ms.
Invoked RoslynAnalysisRunner static constructor.
RoslynAnalysisRunner will not be running.
RoslynAnalysisRunner has terminated.
Mono: successfully reloaded assembly
- Completed reload, in 12.639 seconds
Platform modules already initialized, skipping
Refreshing native plugins compatible for Editor in 1.79 ms, found 1 plugins.
Preloading 0 native plugins for Editor in 0.00 ms.
Unloading 1811 Unused Serialized files (Serialized files now loaded: 0)
System memory in use before: 84.9 MB.
System memory in use after: 85.0 MB.

Unloading 8 unused Assets to reduce memory usage. Loaded Objects now: 2326.
Total: 26.314900 ms (FindLiveObjects: 1.315400 ms CreateObjectMapping: 8.830500 ms MarkObjects: 16.102000 ms  DeleteObjects: 0.063300 ms)

========================================================================
Received Import Request.
  Time since last request: 2978.336797 seconds.
  path: Assets/TooCubeForest
  artifactKey: Guid(af900491ae35e794aa1708df239cd5c6) Importer(815301076,1909f56bfc062723c751e8b465ee728b)
Start importing Assets/TooCubeForest using Guid(af900491ae35e794aa1708df239cd5c6) Importer(815301076,1909f56bfc062723c751e8b465ee728b)  -> (artifact id: '02bc9d718499febfc988bf808b22025e') in 0.046045 seconds
  Import took 0.060440 seconds .

========================================================================
Received Import Request.
  Time since last request: 6.229861 seconds.
  path: Assets/TooCubeForest/images
  artifactKey: Guid(884ab032c297c6e49a3e41605757df1a) Importer(815301076,1909f56bfc062723c751e8b465ee728b)
Start importing Assets/TooCubeForest/images using Guid(884ab032c297c6e49a3e41605757df1a) Importer(815301076,1909f56bfc062723c751e8b465ee728b)  -> (artifact id: '225c54b3e02f60ee70433b784da394ac') in 0.065534 seconds
  Import took 0.077787 seconds .

========================================================================
Received Import Request.
  Time since last request: 27.842650 seconds.
  path: Assets/Sunnyland/tiles
  artifactKey: Guid(d8f5faf8748820e4f9eafb65c60f6e79) Importer(815301076,1909f56bfc062723c751e8b465ee728b)
Start importing Assets/Sunnyland/tiles using Guid(d8f5faf8748820e4f9eafb65c60f6e79) Importer(815301076,1909f56bfc062723c751e8b465ee728b)  -> (artifact id: 'b414ef0da1c0103c864d481332f80362') in 0.027880 seconds
  Import took 0.057610 seconds .

========================================================================
Received Import Request.
  Time since last request: 1.739919 seconds.
  path: Assets/Sunnyland/artwork
  artifactKey: Guid(2f17d1e6a207e4d8eb72bd03b1b645ac) Importer(815301076,1909f56bfc062723c751e8b465ee728b)
Start importing Assets/Sunnyland/artwork using Guid(2f17d1e6a207e4d8eb72bd03b1b645ac) Importer(815301076,1909f56bfc062723c751e8b465ee728b)  -> (artifact id: '2196af6deb26147e2bbe99f186c1f372') in 0.063872 seconds
  Import took 0.105656 seconds .

========================================================================
Received Import Request.
  Time since last request: 9.654469 seconds.
  path: Assets/Sunnyland/artwork/Environment/props
  artifactKey: Guid(15e7312e0607f4e84aeacdc44a70744c) Importer(815301076,1909f56bfc062723c751e8b465ee728b)
Start importing Assets/Sunnyland/artwork/Environment/props using Guid(15e7312e0607f4e84aeacdc44a70744c) Importer(815301076,1909f56bfc062723c751e8b465ee728b)  -> (artifact id: 'c9e869917e33fa11c3be2920aea7a6c5') in 0.041584 seconds
  Import took 0.063386 seconds .

========================================================================
Received Import Request.
  Time since last request: 24.573973 seconds.
  path: Assets/flag-red-white.png
  artifactKey: Guid(6c821507bdecd4044ab89dc1de1c3271) Importer(815301076,1909f56bfc062723c751e8b465ee728b)
Start importing Assets/flag-red-white.png using Guid(6c821507bdecd4044ab89dc1de1c3271) Importer(815301076,1909f56bfc062723c751e8b465ee728b)  -> (artifact id: '6be4a0d9d69cdb7d0350feb141a83964') in 1.040477 seconds
  Import took 1.058315 seconds .

========================================================================
Received Import Request.
  Time since last request: 69.028180 seconds.
  path: Assets/flag-red-white.png
  artifactKey: Guid(6c821507bdecd4044ab89dc1de1c3271) Importer(815301076,1909f56bfc062723c751e8b465ee728b)
Start importing Assets/flag-red-white.png using Guid(6c821507bdecd4044ab89dc1de1c3271) Importer(815301076,1909f56bfc062723c751e8b465ee728b)  -> (artifact id: 'aae282d5a9760bfd514a5c18faaa76f6') in 0.116915 seconds
  Import took 0.131255 seconds .

========================================================================
Received Import Request.
  Time since last request: 130.761769 seconds.
  path: Assets/flag-red-white.png
  artifactKey: Guid(6c821507bdecd4044ab89dc1de1c3271) Importer(815301076,1909f56bfc062723c751e8b465ee728b)
Start importing Assets/flag-red-white.png using Guid(6c821507bdecd4044ab89dc1de1c3271) Importer(815301076,1909f56bfc062723c751e8b465ee728b)  -> (artifact id: '8583d454fabcc1dfb1d433f6ab8315cf') in 1.003947 seconds
  Import took 1.013703 seconds .

========================================================================
Received Prepare
Registering precompiled user dll's ...
Registered in 0.009449 seconds.
Begin MonoManager ReloadAssembly
Native extension for WindowsStandalone target not found
Refreshing native plugins compatible for Editor in 1.50 ms, found 1 plugins.
Preloading 0 native plugins for Editor in 0.00 ms.
Invoked RoslynAnalysisRunner static constructor.
RoslynAnalysisRunner will not be running.
RoslynAnalysisRunner has terminated.
Mono: successfully reloaded assembly
- Completed reload, in 11.276 seconds
Platform modules already initialized, skipping
Refreshing native plugins compatible for Editor in 2.01 ms, found 1 plugins.
Preloading 0 native plugins for Editor in 0.00 ms.
Unloading 1811 Unused Serialized files (Serialized files now loaded: 0)
System memory in use before: 88.0 MB.
System memory in use after: 88.1 MB.

Unloading 8 unused Assets to reduce memory usage. Loaded Objects now: 2337.
Total: 7.505200 ms (FindLiveObjects: 0.581500 ms CreateObjectMapping: 0.312100 ms MarkObjects: 6.558100 ms  DeleteObjects: 0.050300 ms)

========================================================================
Received Prepare
Registering precompiled user dll's ...
Registered in 0.003676 seconds.
Begin MonoManager ReloadAssembly
Native extension for WindowsStandalone target not found
Refreshing native plugins compatible for Editor in 1.49 ms, found 1 plugins.
Preloading 0 native plugins for Editor in 0.00 ms.
Invoked RoslynAnalysisRunner static constructor.
RoslynAnalysisRunner will not be running.
RoslynAnalysisRunner has terminated.
Mono: successfully reloaded assembly
- Completed reload, in  6.144 seconds
Platform modules already initialized, skipping
Refreshing native plugins compatible for Editor in 1.75 ms, found 1 plugins.
Preloading 0 native plugins for Editor in 0.00 ms.
Unloading 1811 Unused Serialized files (Serialized files now loaded: 0)
System memory in use before: 88.0 MB.
System memory in use after: 88.1 MB.

Unloading 8 unused Assets to reduce memory usage. Loaded Objects now: 2340.
Total: 5.733600 ms (FindLiveObjects: 0.629300 ms CreateObjectMapping: 0.287400 ms MarkObjects: 4.778500 ms  DeleteObjects: 0.035800 ms)

========================================================================
Received Import Request.
  Time since last request: 1214.524725 seconds.
  path: Assets/Prefabs/Checkpoint.prefab
  artifactKey: Guid(3296dc0b82819c84d9495f1f089065d2) Importer(815301076,1909f56bfc062723c751e8b465ee728b)
Start importing Assets/Prefabs/Checkpoint.prefab using Guid(3296dc0b82819c84d9495f1f089065d2) Importer(815301076,1909f56bfc062723c751e8b465ee728b) The Animator Controller (Graphics) you have used is not valid. Animations will not play
UnityEngine.StackTraceUtility:ExtractStackTrace ()
UnityEditor.EditorUtility:Internal_InstantiateRemoveAllNonAnimationComponentsSingle (UnityEngine.Object,UnityEngine.Vector3,UnityEngine.Quaternion)
UnityEditor.EditorUtility:InstantiateRemoveAllNonAnimationComponents (UnityEngine.Object,UnityEngine.Vector3,UnityEngine.Quaternion)
UnityEditor.EditorUtility:InstantiateForAnimatorPreview (UnityEngine.Object)
UnityEditor.GameObjectInspector/PreviewData:UpdateGameObject (UnityEngine.Object)
UnityEditor.GameObjectInspector/PreviewData:.ctor (UnityEngine.Object)
UnityEditor.GameObjectInspector:GetPreviewData ()
UnityEditor.GameObjectInspector:RenderStaticPreview (string,UnityEngine.Object[],int,int)
UnityEditor.AssetPreviewUpdater:CreatePreviewForAsset (UnityEngine.Object,UnityEngine.Object[],string)

[C:\buildslave\unity\build\Modules/Animation/Director/AnimatorControllerPlayable.cpp line 332]

The Animator Controller (Graphics) you have used is not valid. Animations will not play
UnityEngine.StackTraceUtility:ExtractStackTrace ()
UnityEditor.EditorUtility:InitInstantiatedPreviewRecursive (UnityEngine.GameObject)
UnityEditor.EditorUtility:InstantiateForAnimatorPreview (UnityEngine.Object)
UnityEditor.GameObjectInspector/PreviewData:UpdateGameObject (UnityEngine.Object)
UnityEditor.GameObjectInspector/PreviewData:.ctor (UnityEngine.Object)
UnityEditor.GameObjectInspector:GetPreviewData ()
UnityEditor.GameObjectInspector:RenderStaticPreview (string,UnityEngine.Object[],int,int)
UnityEditor.AssetPreviewUpdater:CreatePreviewForAsset (UnityEngine.Object,UnityEngine.Object[],string)

[C:\buildslave\unity\build\Modules/Animation/Director/AnimatorControllerPlayable.cpp line 332]

 -> (artifact id: '1ce472d32d37bd9c815f2c2307541833') in 0.305076 seconds
  Import took 0.313531 seconds .

========================================================================
Received Import Request.
  Time since last request: 30.804628 seconds.
  path: Assets/Checkpoint.cs
  artifactKey: Guid(a95c2013493fa384ab2107e35f04bca0) Importer(815301076,1909f56bfc062723c751e8b465ee728b)
Start importing Assets/Checkpoint.cs using Guid(a95c2013493fa384ab2107e35f04bca0) Importer(815301076,1909f56bfc062723c751e8b465ee728b)  -> (artifact id: '827d1107a2668c6227d17a9669613712') in 0.067453 seconds
  Import took 0.100886 seconds .

========================================================================
Received Import Request.
  Time since last request: 5.515788 seconds.
  path: Assets/PlayerSpawn.cs
  artifactKey: Guid(03a92411b2dd65d4facf07f4b13d8d9f) Importer(815301076,1909f56bfc062723c751e8b465ee728b)
Start importing Assets/PlayerSpawn.cs using Guid(03a92411b2dd65d4facf07f4b13d8d9f) Importer(815301076,1909f56bfc062723c751e8b465ee728b)  -> (artifact id: 'c64dfe90b109bae864b1e2bee8757ad5') in 0.043709 seconds
  Import took 0.079515 seconds .

========================================================================
Received Prepare
Registering precompiled user dll's ...
Registered in 0.009741 seconds.
Begin MonoManager ReloadAssembly
Native extension for WindowsStandalone target not found
Refreshing native plugins compatible for Editor in 1.23 ms, found 1 plugins.
Preloading 0 native plugins for Editor in 0.00 ms.
Invoked RoslynAnalysisRunner static constructor.
RoslynAnalysisRunner will not be running.
RoslynAnalysisRunner has terminated.
Mono: successfully reloaded assembly
- Completed reload, in  8.319 seconds
Platform modules already initialized, skipping
Refreshing native plugins compatible for Editor in 0.88 ms, found 1 plugins.
Preloading 0 native plugins for Editor in 0.00 ms.
Unloading 1811 Unused Serialized files (Serialized files now loaded: 0)
System memory in use before: 88.2 MB.
System memory in use after: 88.3 MB.

Unloading 8 unused Assets to reduce memory usage. Loaded Objects now: 2348.
Total: 8.223000 ms (FindLiveObjects: 2.231400 ms CreateObjectMapping: 0.246700 ms MarkObjects: 5.697300 ms  DeleteObjects: 0.044100 ms)

========================================================================
Received Import Request.
  Time since last request: 85.227672 seconds.
  path: Assets/Scenes/Level01.unity
  artifactKey: Guid(c602955e87686274ba15d60a3b66aff3) Importer(815301076,1909f56bfc062723c751e8b465ee728b)
Start importing Assets/Scenes/Level01.unity using Guid(c602955e87686274ba15d60a3b66aff3) Importer(815301076,1909f56bfc062723c751e8b465ee728b)  -> (artifact id: 'a6f915ec05deef1e4552bef235d09758') in 0.214866 seconds
  Import took 0.262018 seconds .

========================================================================
Received Import Request.
  Time since last request: 51.731500 seconds.
  path: Assets/Scenes/Level02.unity
  artifactKey: Guid(5f031cdf132749e4b907da05627de71c) Importer(815301076,1909f56bfc062723c751e8b465ee728b)
Start importing Assets/Scenes/Level02.unity using Guid(5f031cdf132749e4b907da05627de71c) Importer(815301076,1909f56bfc062723c751e8b465ee728b)  -> (artifact id: 'b19d8be3c99e8528b68577ed6600c949') in 0.027583 seconds
  Import took 0.056921 seconds .

========================================================================
Received Import Request.
  Time since last request: 335.769195 seconds.
  path: Assets/Scenes/Level01.unity
  artifactKey: Guid(c602955e87686274ba15d60a3b66aff3) Importer(815301076,1909f56bfc062723c751e8b465ee728b)
Start importing Assets/Scenes/Level01.unity using Guid(c602955e87686274ba15d60a3b66aff3) Importer(815301076,1909f56bfc062723c751e8b465ee728b)  -> (artifact id: 'e72934a493dc110e834604c0bbb9d304') in 0.042612 seconds
  Import took 0.083693 seconds .

========================================================================
Received Prepare
Registering precompiled user dll's ...
Registered in 0.005021 seconds.
Begin MonoManager ReloadAssembly
Native extension for WindowsStandalone target not found
Refreshing native plugins compatible for Editor in 1.97 ms, found 1 plugins.
Preloading 0 native plugins for Editor in 0.00 ms.
Invoked RoslynAnalysisRunner static constructor.
RoslynAnalysisRunner will not be running.
RoslynAnalysisRunner has terminated.
Mono: successfully reloaded assembly
- Completed reload, in  7.412 seconds
Platform modules already initialized, skipping
Refreshing native plugins compatible for Editor in 9.07 ms, found 1 plugins.
Preloading 0 native plugins for Editor in 0.00 ms.
Unloading 1811 Unused Serialized files (Serialized files now loaded: 0)
System memory in use before: 88.2 MB.
System memory in use after: 88.3 MB.

Unloading 8 unused Assets to reduce memory usage. Loaded Objects now: 2351.
Total: 6.154200 ms (FindLiveObjects: 0.635200 ms CreateObjectMapping: 0.190800 ms MarkObjects: 5.287100 ms  DeleteObjects: 0.037500 ms)

========================================================================
Received Prepare
Registering precompiled user dll's ...
Registered in 0.008357 seconds.
Begin MonoManager ReloadAssembly
Native extension for WindowsStandalone target not found
Refreshing native plugins compatible for Editor in 1.20 ms, found 1 plugins.
Preloading 0 native plugins for Editor in 0.00 ms.
Invoked RoslynAnalysisRunner static constructor.
RoslynAnalysisRunner will not be running.
RoslynAnalysisRunner has terminated.
Mono: successfully reloaded assembly
- Completed reload, in  7.235 seconds
Platform modules already initialized, skipping
Refreshing native plugins compatible for Editor in 1.97 ms, found 1 plugins.
Preloading 0 native plugins for Editor in 0.00 ms.
Unloading 1811 Unused Serialized files (Serialized files now loaded: 0)
System memory in use before: 88.2 MB.
System memory in use after: 88.3 MB.

Unloading 8 unused Assets to reduce memory usage. Loaded Objects now: 2354.
Total: 6.010800 ms (FindLiveObjects: 0.645500 ms CreateObjectMapping: 0.273200 ms MarkObjects: 5.048600 ms  DeleteObjects: 0.040300 ms)

========================================================================
Received Prepare
Registering precompiled user dll's ...
Registered in 0.008407 seconds.
Begin MonoManager ReloadAssembly
Native extension for WindowsStandalone target not found
Refreshing native plugins compatible for Editor in 2.70 ms, found 1 plugins.
Preloading 0 native plugins for Editor in 0.00 ms.
Invoked RoslynAnalysisRunner static constructor.
RoslynAnalysisRunner will not be running.
RoslynAnalysisRunner has terminated.
Mono: successfully reloaded assembly
- Completed reload, in  7.795 seconds
Platform modules already initialized, skipping
Refreshing native plugins compatible for Editor in 1.19 ms, found 1 plugins.
Preloading 0 native plugins for Editor in 0.00 ms.
Unloading 1811 Unused Serialized files (Serialized files now loaded: 0)
System memory in use before: 88.2 MB.
System memory in use after: 88.3 MB.

Unloading 8 unused Assets to reduce memory usage. Loaded Objects now: 2357.
Total: 6.922900 ms (FindLiveObjects: 0.807000 ms CreateObjectMapping: 0.312700 ms MarkObjects: 5.757100 ms  DeleteObjects: 0.041200 ms)

========================================================================
Received Prepare
Registering precompiled user dll's ...
Registered in 0.004742 seconds.
Begin MonoManager ReloadAssembly
Native extension for WindowsStandalone target not found
Refreshing native plugins compatible for Editor in 1.48 ms, found 1 plugins.
Preloading 0 native plugins for Editor in 0.00 ms.
Invoked RoslynAnalysisRunner static constructor.
RoslynAnalysisRunner will not be running.
RoslynAnalysisRunner has terminated.
Mono: successfully reloaded assembly
- Completed reload, in  4.979 seconds
Platform modules already initialized, skipping
Refreshing native plugins compatible for Editor in 1.58 ms, found 1 plugins.
Preloading 0 native plugins for Editor in 0.00 ms.
Unloading 1811 Unused Serialized files (Serialized files now loaded: 0)
System memory in use before: 88.3 MB.
System memory in use after: 88.4 MB.

Unloading 8 unused Assets to reduce memory usage. Loaded Objects now: 2360.
Total: 8.292500 ms (FindLiveObjects: 0.925300 ms CreateObjectMapping: 0.382600 ms MarkObjects: 6.937400 ms  DeleteObjects: 0.043200 ms)

========================================================================
Received Prepare
Registering precompiled user dll's ...
Registered in 0.009653 seconds.
Begin MonoManager ReloadAssembly
Native extension for WindowsStandalone target not found
Refreshing native plugins compatible for Editor in 2.60 ms, found 1 plugins.
Preloading 0 native plugins for Editor in 0.00 ms.
Invoked RoslynAnalysisRunner static constructor.
RoslynAnalysisRunner will not be running.
RoslynAnalysisRunner has terminated.
Mono: successfully reloaded assembly
- Completed reload, in  8.646 seconds
Platform modules already initialized, skipping
Refreshing native plugins compatible for Editor in 1.78 ms, found 1 plugins.
Preloading 0 native plugins for Editor in 0.00 ms.
Unloading 1811 Unused Serialized files (Serialized files now loaded: 0)
System memory in use before: 88.3 MB.
System memory in use after: 88.4 MB.

Unloading 8 unused Assets to reduce memory usage. Loaded Objects now: 2363.
Total: 11.352700 ms (FindLiveObjects: 1.056900 ms CreateObjectMapping: 0.231500 ms MarkObjects: 10.020600 ms  DeleteObjects: 0.040200 ms)

========================================================================
Received Prepare
Registering precompiled user dll's ...
Registered in 0.008893 seconds.
Begin MonoManager ReloadAssembly
Native extension for WindowsStandalone target not found
Refreshing native plugins compatible for Editor in 1.13 ms, found 1 plugins.
Preloading 0 native plugins for Editor in 0.00 ms.
Invoked RoslynAnalysisRunner static constructor.
RoslynAnalysisRunner will not be running.
RoslynAnalysisRunner has terminated.
Mono: successfully reloaded assembly
- Completed reload, in  5.284 seconds
Platform modules already initialized, skipping
Refreshing native plugins compatible for Editor in 1.19 ms, found 1 plugins.
Preloading 0 native plugins for Editor in 0.00 ms.
Unloading 1811 Unused Serialized files (Serialized files now loaded: 0)
System memory in use before: 88.3 MB.
System memory in use after: 88.4 MB.

Unloading 8 unused Assets to reduce memory usage. Loaded Objects now: 2366.
Total: 10.157700 ms (FindLiveObjects: 1.371400 ms CreateObjectMapping: 0.475000 ms MarkObjects: 8.264900 ms  DeleteObjects: 0.043800 ms)

========================================================================
Received Prepare
Registering precompiled user dll's ...
Registered in 0.005725 seconds.
Begin MonoManager ReloadAssembly
Native extension for WindowsStandalone target not found
Refreshing native plugins compatible for Editor in 1.31 ms, found 1 plugins.
Preloading 0 native plugins for Editor in 0.00 ms.
Invoked RoslynAnalysisRunner static constructor.
RoslynAnalysisRunner will not be running.
RoslynAnalysisRunner has terminated.
Mono: successfully reloaded assembly
- Completed reload, in  6.236 seconds
Platform modules already initialized, skipping
Refreshing native plugins compatible for Editor in 0.89 ms, found 1 plugins.
Preloading 0 native plugins for Editor in 0.00 ms.
Unloading 1811 Unused Serialized files (Serialized files now loaded: 0)
System memory in use before: 88.3 MB.
System memory in use after: 88.4 MB.

Unloading 8 unused Assets to reduce memory usage. Loaded Objects now: 2369.
Total: 6.621600 ms (FindLiveObjects: 1.383300 ms CreateObjectMapping: 0.338600 ms MarkObjects: 4.860700 ms  DeleteObjects: 0.036300 ms)

========================================================================
Received Prepare
Registering precompiled user dll's ...
Registered in 0.005293 seconds.
Begin MonoManager ReloadAssembly
Native extension for WindowsStandalone target not found
Refreshing native plugins compatible for Editor in 1.60 ms, found 1 plugins.
Preloading 0 native plugins for Editor in 0.00 ms.
Invoked RoslynAnalysisRunner static constructor.
RoslynAnalysisRunner will not be running.
RoslynAnalysisRunner has terminated.
Mono: successfully reloaded assembly
- Completed reload, in  4.821 seconds
Platform modules already initialized, skipping
Refreshing native plugins compatible for Editor in 1.40 ms, found 1 plugins.
Preloading 0 native plugins for Editor in 0.00 ms.
Unloading 1811 Unused Serialized files (Serialized files now loaded: 0)
System memory in use before: 88.3 MB.
System memory in use after: 88.4 MB.

Unloading 8 unused Assets to reduce memory usage. Loaded Objects now: 2372.
Total: 8.003200 ms (FindLiveObjects: 0.759800 ms CreateObjectMapping: 0.350000 ms MarkObjects: 6.853600 ms  DeleteObjects: 0.036600 ms)

========================================================================
Received Prepare
Registering precompiled user dll's ...
Registered in 0.006187 seconds.
Begin MonoManager ReloadAssembly
Native extension for WindowsStandalone target not found
Refreshing native plugins compatible for Editor in 1.59 ms, found 1 plugins.
Preloading 0 native plugins for Editor in 0.00 ms.
Invoked RoslynAnalysisRunner static constructor.
RoslynAnalysisRunner will not be running.
RoslynAnalysisRunner has terminated.
Mono: successfully reloaded assembly
- Completed reload, in  8.410 seconds
Platform modules already initialized, skipping
Refreshing native plugins compatible for Editor in 1.25 ms, found 1 plugins.
Preloading 0 native plugins for Editor in 0.00 ms.
Unloading 1811 Unused Serialized files (Serialized files now loaded: 0)
System memory in use before: 88.3 MB.
System memory in use after: 88.4 MB.

Unloading 8 unused Assets to reduce memory usage. Loaded Objects now: 2375.
Total: 8.463500 ms (FindLiveObjects: 1.842100 ms CreateObjectMapping: 0.282900 ms MarkObjects: 6.293200 ms  DeleteObjects: 0.041700 ms)

========================================================================
Received Import Request.
  Time since last request: 905.407311 seconds.
  path: Assets/Scenes/Level02.unity
  artifactKey: Guid(5f031cdf132749e4b907da05627de71c) Importer(815301076,1909f56bfc062723c751e8b465ee728b)
Start importing Assets/Scenes/Level02.unity using Guid(5f031cdf132749e4b907da05627de71c) Importer(815301076,1909f56bfc062723c751e8b465ee728b)  -> (artifact id: '1354a6e7114f8bb2bdef2e285ad28f96') in 0.054194 seconds
  Import took 0.070818 seconds .

========================================================================
Received Import Request.
  Time since last request: 28.382608 seconds.
  path: Assets/Scenes/Level01.unity
  artifactKey: Guid(c602955e87686274ba15d60a3b66aff3) Importer(815301076,1909f56bfc062723c751e8b465ee728b)
Start importing Assets/Scenes/Level01.unity using Guid(c602955e87686274ba15d60a3b66aff3) Importer(815301076,1909f56bfc062723c751e8b465ee728b)  -> (artifact id: '9c3371cb32493c90c952175121daa47a') in 0.381143 seconds
  Import took 0.432688 seconds .

========================================================================
Received Prepare
Registering precompiled user dll's ...
Registered in 0.010597 seconds.
Begin MonoManager ReloadAssembly
Native extension for WindowsStandalone target not found
Refreshing native plugins compatible for Editor in 2.05 ms, found 1 plugins.
Preloading 0 native plugins for Editor in 0.00 ms.
Invoked RoslynAnalysisRunner static constructor.
RoslynAnalysisRunner will not be running.
RoslynAnalysisRunner has terminated.
Mono: successfully reloaded assembly
- Completed reload, in  4.285 seconds
Platform modules already initialized, skipping
Refreshing native plugins compatible for Editor in 0.99 ms, found 1 plugins.
Preloading 0 native plugins for Editor in 0.00 ms.
Unloading 1811 Unused Serialized files (Serialized files now loaded: 0)
System memory in use before: 88.3 MB.
System memory in use after: 88.4 MB.

Unloading 8 unused Assets to reduce memory usage. Loaded Objects now: 2378.
Total: 7.324500 ms (FindLiveObjects: 0.599900 ms CreateObjectMapping: 0.289600 ms MarkObjects: 6.378400 ms  DeleteObjects: 0.053400 ms)

========================================================================
Received Prepare
Registering precompiled user dll's ...
Registered in 0.006249 seconds.
Begin MonoManager ReloadAssembly
Native extension for WindowsStandalone target not found
Refreshing native plugins compatible for Editor in 1.41 ms, found 1 plugins.
Preloading 0 native plugins for Editor in 0.00 ms.
Invoked RoslynAnalysisRunner static constructor.
RoslynAnalysisRunner will not be running.
RoslynAnalysisRunner has terminated.
Mono: successfully reloaded assembly
- Completed reload, in  6.231 seconds
Platform modules already initialized, skipping
Refreshing native plugins compatible for Editor in 1.10 ms, found 1 plugins.
Preloading 0 native plugins for Editor in 0.00 ms.
Unloading 1811 Unused Serialized files (Serialized files now loaded: 0)
System memory in use before: 88.3 MB.
System memory in use after: 88.4 MB.

Unloading 8 unused Assets to reduce memory usage. Loaded Objects now: 2381.
Total: 6.071000 ms (FindLiveObjects: 0.438600 ms CreateObjectMapping: 0.297500 ms MarkObjects: 5.289400 ms  DeleteObjects: 0.042500 ms)

========================================================================
Received Import Request.
  Time since last request: 127.132756 seconds.
  path: Assets/Scenes/Level02.unity
  artifactKey: Guid(5f031cdf132749e4b907da05627de71c) Importer(815301076,1909f56bfc062723c751e8b465ee728b)
Start importing Assets/Scenes/Level02.unity using Guid(5f031cdf132749e4b907da05627de71c) Importer(815301076,1909f56bfc062723c751e8b465ee728b)  -> (artifact id: '808368ae7c6ba9c87fe9c197af32f278') in 0.045833 seconds
  Import took 0.055675 seconds .

========================================================================
Received Prepare
Registering precompiled user dll's ...
Registered in 0.006116 seconds.
Begin MonoManager ReloadAssembly
Native extension for WindowsStandalone target not found
Refreshing native plugins compatible for Editor in 4.05 ms, found 1 plugins.
Preloading 0 native plugins for Editor in 0.00 ms.
Invoked RoslynAnalysisRunner static constructor.
RoslynAnalysisRunner will not be running.
RoslynAnalysisRunner has terminated.
Mono: successfully reloaded assembly
- Completed reload, in  8.598 seconds
Platform modules already initialized, skipping
Refreshing native plugins compatible for Editor in 1.57 ms, found 1 plugins.
Preloading 0 native plugins for Editor in 0.00 ms.
Unloading 1811 Unused Serialized files (Serialized files now loaded: 0)
System memory in use before: 88.3 MB.
System memory in use after: 88.4 MB.

Unloading 8 unused Assets to reduce memory usage. Loaded Objects now: 2384.
Total: 5.941000 ms (FindLiveObjects: 0.576400 ms CreateObjectMapping: 0.176600 ms MarkObjects: 5.146400 ms  DeleteObjects: 0.037900 ms)

========================================================================
Received Prepare
Registering precompiled user dll's ...
Registered in 0.009223 seconds.
Begin MonoManager ReloadAssembly
Native extension for WindowsStandalone target not found
Refreshing native plugins compatible for Editor in 1.40 ms, found 1 plugins.
Preloading 0 native plugins for Editor in 0.00 ms.
Invoked RoslynAnalysisRunner static constructor.
RoslynAnalysisRunner will not be running.
RoslynAnalysisRunner has terminated.
Mono: successfully reloaded assembly
- Completed reload, in  3.206 seconds
Platform modules already initialized, skipping
Refreshing native plugins compatible for Editor in 1.01 ms, found 1 plugins.
Preloading 0 native plugins for Editor in 0.00 ms.
Unloading 1811 Unused Serialized files (Serialized files now loaded: 0)
System memory in use before: 88.3 MB.
System memory in use after: 88.4 MB.

Unloading 8 unused Assets to reduce memory usage. Loaded Objects now: 2387.
Total: 14.163000 ms (FindLiveObjects: 4.178600 ms CreateObjectMapping: 0.195600 ms MarkObjects: 9.730500 ms  DeleteObjects: 0.055000 ms)

AssetImportWorkerClient::OnTransportError - code=2 error=End of file
